2024-10-17 15:00:20 0 [Note] Starting MariaDB 10.4.32-MariaDB source revision c4143f909528e3fab0677a28631d10389354c491 as process 9084
2024-10-17 15:00:20 0 [Note] InnoDB: Mutexes and rw_locks use Windows interlocked functions
2024-10-17 15:00:20 0 [Note] InnoDB: Uses event mutexes
2024-10-17 15:00:20 0 [Note] InnoDB: Compressed tables use zlib 1.3
2024-10-17 15:00:20 0 [Note] InnoDB: Number of pools: 1
2024-10-17 15:00:20 0 [Note] InnoDB: Using SSE2 crc32 instructions
2024-10-17 15:00:20 0 [Note] InnoDB: Initializing buffer pool, total size = 16M, instances = 1, chunk size = 16M
2024-10-17 15:00:20 0 [Note] InnoDB: Completed initialization of buffer pool
2024-10-17 15:00:20 0 [Note] InnoDB: Starting crash recovery from checkpoint LSN=300288
2024-10-17 15:00:21 0 [Note] InnoDB: 128 out of 128 rollback segments are active.
2024-10-17 15:00:21 0 [Note] InnoDB: Removed temporary tablespace data file: "ibtmp1"
2024-10-17 15:00:21 0 [Note] InnoDB: Creating shared tablespace for temporary tables
2024-10-17 15:00:21 0 [Note] InnoDB: Setting file 'D:\Github\PHP_Code\xampp\mysql\data\ibtmp1' size to 12 MB. Physically writing the file full; Please wait ...
2024-10-17 15:00:21 0 [Note] InnoDB: File 'D:\Github\PHP_Code\xampp\mysql\data\ibtmp1' size is now 12 MB.
2024-10-17 15:00:21 0 [Note] InnoDB: Waiting for purge to start
2024-10-17 15:00:21 0 [Note] InnoDB: 10.4.32 started; log sequence number 300297; transaction id 170
2024-10-17 15:00:21 0 [Note] InnoDB: Loading buffer pool(s) from D:\Github\PHP_Code\xampp\mysql\data\ib_buffer_pool
2024-10-17 15:00:21 0 [Note] Plugin 'FEEDBACK' is disabled.
2024-10-17 15:00:21 0 [Note] InnoDB: Buffer pool(s) load completed at 241017 15:00:21
2024-10-17 15:00:21 0 [Note] Server socket created on IP: '::'.
