[Wed Oct 16 10:10:56.741896 2024] [ssl:warn] [pid 8060:tid 408] AH01909: www.example.com:443:0 server certificate does NOT include an ID which matches the server name
[Wed Oct 16 10:10:56.821943 2024] [ssl:warn] [pid 8060:tid 408] AH01909: www.example.com:443:0 server certificate does NOT include an ID which matches the server name
[Wed Oct 16 10:10:56.871812 2024] [mpm_winnt:notice] [pid 8060:tid 408] AH00455: Apache/2.4.58 (Win64) OpenSSL/3.1.3 PHP/8.2.12 configured -- resuming normal operations
[Wed Oct 16 10:10:56.871812 2024] [mpm_winnt:notice] [pid 8060:tid 408] AH00456: Apache Lounge VS17 Server built: Oct 18 2023 13:03:18
[Wed Oct 16 10:10:56.871812 2024] [core:notice] [pid 8060:tid 408] AH00094: Command line: 'd:\\github\\php_code\\xampp\\apache\\bin\\httpd.exe -d D:/Github/PHP_Code/xampp/apache'
[Wed Oct 16 10:10:56.881440 2024] [mpm_winnt:notice] [pid 8060:tid 408] AH00418: Parent: Created child process 16780
[Wed Oct 16 10:10:57.281832 2024] [ssl:warn] [pid 16780:tid 396] AH01909: www.example.com:443:0 server certificate does NOT include an ID which matches the server name
[Wed Oct 16 10:10:57.353343 2024] [ssl:warn] [pid 16780:tid 396] AH01909: www.example.com:443:0 server certificate does NOT include an ID which matches the server name
[Wed Oct 16 10:10:57.393178 2024] [mpm_winnt:notice] [pid 16780:tid 396] AH00354: Child: Starting 150 worker threads.
[Thu Oct 17 13:59:39.849210 2024] [ssl:warn] [pid 16296:tid 368] AH01909: www.example.com:443:0 server certificate does NOT include an ID which matches the server name
[Thu Oct 17 13:59:39.896093 2024] [core:warn] [pid 16296:tid 368] AH00098: pid file D:/Github/PHP_Code/xampp/apache/logs/httpd.pid overwritten -- Unclean shutdown of previous Apache run?
[Thu Oct 17 13:59:39.896093 2024] [ssl:warn] [pid 16296:tid 368] AH01909: www.example.com:443:0 server certificate does NOT include an ID which matches the server name
[Thu Oct 17 13:59:40.239884 2024] [mpm_winnt:notice] [pid 16296:tid 368] AH00455: Apache/2.4.58 (Win64) OpenSSL/3.1.3 PHP/8.2.12 configured -- resuming normal operations
[Thu Oct 17 13:59:40.239884 2024] [mpm_winnt:notice] [pid 16296:tid 368] AH00456: Apache Lounge VS17 Server built: Oct 18 2023 13:03:18
[Thu Oct 17 13:59:40.239884 2024] [core:notice] [pid 16296:tid 368] AH00094: Command line: 'd:\\github\\php_code\\xampp\\apache\\bin\\httpd.exe -d D:/Github/PHP_Code/xampp/apache'
[Thu Oct 17 13:59:40.239884 2024] [mpm_winnt:notice] [pid 16296:tid 368] AH00418: Parent: Created child process 5976
[Thu Oct 17 13:59:40.489824 2024] [ssl:warn] [pid 5976:tid 368] AH01909: www.example.com:443:0 server certificate does NOT include an ID which matches the server name
[Thu Oct 17 13:59:40.536757 2024] [ssl:warn] [pid 5976:tid 368] AH01909: www.example.com:443:0 server certificate does NOT include an ID which matches the server name
[Thu Oct 17 13:59:40.568065 2024] [mpm_winnt:notice] [pid 5976:tid 368] AH00354: Child: Starting 150 worker threads.
[Thu Oct 17 14:00:09.284822 2024] [mpm_winnt:crit] [pid 5976:tid 368] AH02538: Child: Parent process exited abruptly. Child process is ending
[Thu Oct 17 14:00:17.206500 2024] [ssl:warn] [pid 6440:tid 368] AH01909: www.example.com:443:0 server certificate does NOT include an ID which matches the server name
[Thu Oct 17 14:00:17.237737 2024] [core:warn] [pid 6440:tid 368] AH00098: pid file D:/Github/PHP_Code/xampp/apache/logs/httpd.pid overwritten -- Unclean shutdown of previous Apache run?
[Thu Oct 17 14:00:17.253391 2024] [ssl:warn] [pid 6440:tid 368] AH01909: www.example.com:443:0 server certificate does NOT include an ID which matches the server name
[Thu Oct 17 14:00:17.284638 2024] [mpm_winnt:notice] [pid 6440:tid 368] AH00455: Apache/2.4.58 (Win64) OpenSSL/3.1.3 PHP/8.2.12 configured -- resuming normal operations
[Thu Oct 17 14:00:17.284638 2024] [mpm_winnt:notice] [pid 6440:tid 368] AH00456: Apache Lounge VS17 Server built: Oct 18 2023 13:03:18
[Thu Oct 17 14:00:17.284638 2024] [core:notice] [pid 6440:tid 368] AH00094: Command line: 'd:\\github\\php_code\\xampp\\apache\\bin\\httpd.exe -d D:/Github/PHP_Code/xampp/apache'
[Thu Oct 17 14:00:17.284638 2024] [mpm_winnt:notice] [pid 6440:tid 368] AH00418: Parent: Created child process 8284
[Thu Oct 17 14:00:17.565824 2024] [ssl:warn] [pid 8284:tid 368] AH01909: www.example.com:443:0 server certificate does NOT include an ID which matches the server name
[Thu Oct 17 14:00:17.612670 2024] [ssl:warn] [pid 8284:tid 368] AH01909: www.example.com:443:0 server certificate does NOT include an ID which matches the server name
[Thu Oct 17 14:00:17.643965 2024] [mpm_winnt:notice] [pid 8284:tid 368] AH00354: Child: Starting 150 worker threads.
[Thu Oct 17 14:22:54.552026 2024] [php:warn] [pid 8284:tid 1952] [client ::1:50612] PHP Warning:  Undefined variable $tgd in D:\\Github\\PHP_Code\\xampp\\htdocs\\BaiTapPHP\\Buoi5\\ChuViDienTichLTHDT.php on line 103, referer: http://localhost/BaiTapPHP/Buoi5/ChuViDienTichLTHDT.php
[Thu Oct 17 14:22:54.552026 2024] [php:error] [pid 8284:tid 1952] [client ::1:50612] PHP Fatal error:  Uncaught Error: Call to a member function getTen() on null in D:\\Github\\PHP_Code\\xampp\\htdocs\\BaiTapPHP\\Buoi5\\ChuViDienTichLTHDT.php:103\nStack trace:\n#0 {main}\n  thrown in D:\\Github\\PHP_Code\\xampp\\htdocs\\BaiTapPHP\\Buoi5\\ChuViDienTichLTHDT.php on line 103, referer: http://localhost/BaiTapPHP/Buoi5/ChuViDienTichLTHDT.php
[Sun Oct 20 13:37:20.910731 2024] [ssl:warn] [pid 9184:tid 368] AH01909: www.example.com:443:0 server certificate does NOT include an ID which matches the server name
[Sun Oct 20 13:37:20.935727 2024] [core:warn] [pid 9184:tid 368] AH00098: pid file D:/Github/PHP_Code/xampp/apache/logs/httpd.pid overwritten -- Unclean shutdown of previous Apache run?
[Sun Oct 20 13:37:20.937712 2024] [ssl:warn] [pid 9184:tid 368] AH01909: www.example.com:443:0 server certificate does NOT include an ID which matches the server name
[Sun Oct 20 13:37:21.251494 2024] [mpm_winnt:notice] [pid 9184:tid 368] AH00455: Apache/2.4.58 (Win64) OpenSSL/3.1.3 PHP/8.2.12 configured -- resuming normal operations
[Sun Oct 20 13:37:21.251494 2024] [mpm_winnt:notice] [pid 9184:tid 368] AH00456: Apache Lounge VS17 Server built: Oct 18 2023 13:03:18
[Sun Oct 20 13:37:21.251494 2024] [core:notice] [pid 9184:tid 368] AH00094: Command line: 'd:\\github\\php_code\\xampp\\apache\\bin\\httpd.exe -d D:/Github/PHP_Code/xampp/apache'
[Sun Oct 20 13:37:21.254487 2024] [mpm_winnt:notice] [pid 9184:tid 368] AH00418: Parent: Created child process 5728
[Sun Oct 20 13:37:21.572313 2024] [ssl:warn] [pid 5728:tid 364] AH01909: www.example.com:443:0 server certificate does NOT include an ID which matches the server name
[Sun Oct 20 13:37:21.595289 2024] [ssl:warn] [pid 5728:tid 364] AH01909: www.example.com:443:0 server certificate does NOT include an ID which matches the server name
[Sun Oct 20 13:37:21.623670 2024] [mpm_winnt:notice] [pid 5728:tid 364] AH00354: Child: Starting 150 worker threads.
[Sun Oct 20 14:59:37.029476 2024] [php:error] [pid 5728:tid 1928] [client ::1:52808] PHP Fatal error:  Uncaught TypeError: Unsupported operand types: string * int in D:\\Github\\PHP_Code\\xampp\\htdocs\\BaiTapPHP\\Buoi5\\NhanVien.php:145\nStack trace:\n#0 D:\\Github\\PHP_Code\\xampp\\htdocs\\BaiTapPHP\\Buoi5\\NhanVien.php(166): NhanVienSX->tinhTienLuong()\n#1 {main}\n  thrown in D:\\Github\\PHP_Code\\xampp\\htdocs\\BaiTapPHP\\Buoi5\\NhanVien.php on line 145, referer: http://localhost/BaiTapPHP/Buoi5/NhanVien.php
[Sun Oct 20 15:02:33.005951 2024] [php:error] [pid 5728:tid 1924] [client ::1:52891] PHP Fatal error:  Uncaught TypeError: Unsupported operand types: string * int in D:\\Github\\PHP_Code\\xampp\\htdocs\\BaiTapPHP\\Buoi5\\NhanVien.php:145\nStack trace:\n#0 D:\\Github\\PHP_Code\\xampp\\htdocs\\BaiTapPHP\\Buoi5\\NhanVien.php(166): NhanVienSX->tinhTienLuong()\n#1 {main}\n  thrown in D:\\Github\\PHP_Code\\xampp\\htdocs\\BaiTapPHP\\Buoi5\\NhanVien.php on line 145, referer: http://localhost/BaiTapPHP/Buoi5/NhanVien.php
[Sun Oct 20 16:04:41.713292 2024] [php:error] [pid 5728:tid 1924] [client ::1:54214] PHP Fatal error:  Uncaught Error: Call to undefined method NhanVienVanPhong::tinhTienLuong() in D:\\Github\\PHP_Code\\xampp\\htdocs\\BaiTapPHP\\Buoi5\\Test.php:39\nStack trace:\n#0 {main}\n  thrown in D:\\Github\\PHP_Code\\xampp\\htdocs\\BaiTapPHP\\Buoi5\\Test.php on line 39, referer: http://localhost/BaiTapPHP/Buoi5/Test.php
